<?xml version="1.0" encoding="UTF-8"?>
<!-- Generated by org.testng.reporters.JUnitXMLReporter -->
<testsuite hostname="DESKTOP-G46QBGA" ignored="0" name="Default test" tests="3" failures="0" timestamp="13 Nov 2020 05:42:04 GMT" time="8.27" errors="0">
  <testcase name="placeOrderForPet" time="5.374" classname="restAPITesting.Store"/>
  <testcase name="findPurchaseOrderByID" time="1.438" classname="restAPITesting.Store"/>
  <testcase name="deletePurchaseOrderByID" time="1.41" classname="restAPITesting.Store"/>
</testsuite> <!-- Default test -->
