<?xml version="1.0" encoding="UTF-8"?>
<!-- Generated by org.testng.reporters.JUnitXMLReporter -->
<testsuite hostname="DESKTOP-G46QBGA" ignored="0" name="Test" tests="8" failures="0" timestamp="13 Nov 2020 11:12:35 GMT" time="14.095" errors="0">
  <testcase name="addPet" time="3.218" classname="restAPITesting.Pet"/>
  <testcase name="updatePet" time="1.982" classname="restAPITesting.Pet"/>
  <testcase name="getPetByStatus" time="2.042" classname="restAPITesting.Pet"/>
  <testcase name="updatePetWithFormData" time="1.385" classname="restAPITesting.Pet"/>
  <testcase name="deletePet" time="1.374" classname="restAPITesting.Pet"/>
  <testcase name="addOrderForPet" time="1.354" classname="restAPITesting.Store"/>
  <testcase name="getPurchaseOrderByID" time="1.347" classname="restAPITesting.Store"/>
  <testcase name="removePurchaseOrderByID" time="1.364" classname="restAPITesting.Store"/>
</testsuite> <!-- Test -->
