<testsuite failures="1" name="automatedTests/RunAll.feature" skipped="0" tests="1" time="7.331413">
  <testcase classname="automatedTests.RunAll" name="Run all of the tests in order" time="7.331413">
    <failure message="RunAll.feature:5 - &#10;Pet.feature:43 - status code was: 404, expected: 200, response time: 1225, url: https://petstore.swagger.io/v2/pet/201, response: ">* call read('Pet.feature') ................................................ failed

Stack Trace:
com.intuit.karate.exception.KarateException: RunAll.feature:5 - 
Pet.feature:43 - status code was: 404, expected: 200, response time: 1225, url: https://petstore.swagger.io/v2/pet/201, response: &#13;
	at âœ½.* call read('Pet.feature') (RunAll.feature:5)&#13;

* call read('Store.feature') .............................................. skipped</failure>
  </testcase>
</testsuite>
