<testsuite failures="0" name="examples/users/Pet.feature" skipped="0" tests="1" time="7.235621">
  <testcase classname="examples.users.Pet" name="Add a new pet to the store, update it, find pets by status, update pet with form data, delete it" time="7.235621">
    <system-out>* def addPayload = read('classpath:Resources/AddPetPayload.json') ......... passed
* header Content-Type = 'application/json' ................................ passed
Given url 'https://petstore.swagger.io/v2/pet' ............................ passed
When json payload = addPayload[1] ......................................... passed
And request payload ....................................................... passed
When method POST .......................................................... passed
Then status 200 ........................................................... passed
* def pID = response.id ................................................... passed
Given url 'https://petstore.swagger.io/v2/pet' ............................ passed
When json payload = addPayload[2] ......................................... passed
And request payload ....................................................... passed
When method PUT ........................................................... passed
Then status 200 ........................................................... passed
And match response.name == "doggie9988" ................................... passed
Given url 'https://petstore.swagger.io/v2/pet/findByStatus' ............... passed
And param status = "available" ............................................ passed
When method GET ........................................................... passed
Then status 200 ........................................................... passed
Given url 'https://petstore.swagger.io/v2/pet/' + pID ..................... passed
And form field name = "ABCD998" ........................................... passed
And form field status = "sold" ............................................ passed
And header Content-Type = 'application/x-www-form-urlencoded' ............. passed
When method POST .......................................................... passed
Then status 200 ........................................................... passed
And match response.code == 200 ............................................ passed
Given url 'https://petstore.swagger.io/v2/pet/' + pID ..................... passed
When method DELETE ........................................................ passed
Then status 200 ........................................................... passed
And match response.code == 200 ............................................ passed</system-out>
  </testcase>
</testsuite>
