<testsuite failures="0" name="examples/users/Store.feature" skipped="0" tests="1" time="4.212485">
  <testcase classname="examples.users.Store" name="Perform placing an order for pet and finding purchase order by ID and delete purchase order by ID" time="4.212485">
    <system-out>* def addPayload = read('classpath:Resources/AddPetPayload.json') ......... passed
* headers {Content-Type : 'application/json', Accept : 'application/json'} . passed
Given url 'https://petstore.swagger.io/v2/store/order' .................... passed
When json payload = addPayload[0] ......................................... passed
And request payload ....................................................... passed
When method POST .......................................................... passed
Then status 200 ........................................................... passed
* def pID = response.id ................................................... passed
Given url 'https://petstore.swagger.io/v2/store/order/' + pID ............. passed
When method GET ........................................................... passed
Then status 200 ........................................................... passed
And match response.status == "placed" ..................................... passed
Given url 'https://petstore.swagger.io/v2/store/order/' + pID ............. passed
When method DELETE ........................................................ passed
Then status 200 ........................................................... passed
And match response.code == 200 ............................................ passed</system-out>
  </testcase>
</testsuite>
